{"/home/dtylor/projects/postcss-wrap-plugin/src/wrapPlugin.ts": {"path":"/home/dtylor/projects/postcss-wrap-plugin/src/wrapPlugin.ts","statementMap":{"0":{"start":{"line":2,"column":0},"end":{"line":2,"column":52}},"1":{"start":{"line":4,"column":24},"end":{"line":20,"column":1}},"2":{"start":{"line":4,"column":27},"end":{"line":4,"column":39}},"3":{"start":{"line":4,"column":41},"end":{"line":4,"column":55}},"4":{"start":{"line":5,"column":4},"end":{"line":9,"column":null}},"5":{"start":{"line":6,"column":8},"end":{"line":8,"column":10}},"6":{"start":{"line":11,"column":4},"end":{"line":13,"column":null}},"7":{"start":{"line":12,"column":8},"end":{"line":12,"column":75}},"8":{"start":{"line":15,"column":4},"end":{"line":19,"column":null}},"9":{"start":{"line":16,"column":8},"end":{"line":18,"column":10}},"10":{"start":{"line":22,"column":24},"end":{"line":22,"column":42}},"11":{"start":{"line":24,"column":0},"end":{"line":24,"column":13}},"12":{"start":{"line":29,"column":8},"end":{"line":29,"column":33}},"13":{"start":{"line":31,"column":16},"end":{"line":31,"column":28}},"14":{"start":{"line":31,"column":30},"end":{"line":31,"column":44}},"15":{"start":{"line":33,"column":8},"end":{"line":35,"column":29}},"16":{"start":{"line":36,"column":8},"end":{"line":36,"column":53}},"17":{"start":{"line":39,"column":4},"end":{"line":43,"column":null}},"18":{"start":{"line":40,"column":16},"end":{"line":40,"column":22}},"19":{"start":{"line":42,"column":8},"end":{"line":42,"column":77}},"20":{"start":{"line":45,"column":4},"end":{"line":49,"column":null}},"21":{"start":{"line":46,"column":8},"end":{"line":46,"column":38}},"22":{"start":{"line":48,"column":8},"end":{"line":48,"column":46}},"23":{"start":{"line":51,"column":4},"end":{"line":67,"column":null}},"24":{"start":{"line":51,"column":4},"end":{"line":51,"column":25}},"25":{"start":{"line":52,"column":8},"end":{"line":66,"column":24}},"26":{"start":{"line":54,"column":16},"end":{"line":56,"column":null}},"27":{"start":{"line":55,"column":20},"end":{"line":55,"column":80}},"28":{"start":{"line":58,"column":16},"end":{"line":60,"column":null}},"29":{"start":{"line":59,"column":20},"end":{"line":59,"column":57}},"30":{"start":{"line":62,"column":16},"end":{"line":64,"column":18}},"31":{"start":{"line":69,"column":4},"end":{"line":73,"column":null}},"32":{"start":{"line":70,"column":8},"end":{"line":72,"column":24}},"33":{"start":{"line":71,"column":43},"end":{"line":71,"column":73}},"34":{"start":{"line":75,"column":4},"end":{"line":85,"column":null}},"35":{"start":{"line":76,"column":8},"end":{"line":78,"column":null}},"36":{"start":{"line":77,"column":12},"end":{"line":77,"column":24}},"37":{"start":{"line":80,"column":8},"end":{"line":82,"column":null}},"38":{"start":{"line":81,"column":12},"end":{"line":81,"column":56}},"39":{"start":{"line":84,"column":8},"end":{"line":84,"column":48}},"40":{"start":{"line":87,"column":4},"end":{"line":93,"column":null}},"41":{"start":{"line":87,"column":4},"end":{"line":87,"column":23}},"42":{"start":{"line":88,"column":8},"end":{"line":92,"column":24}},"43":{"start":{"line":90,"column":39},"end":{"line":90,"column":77}},"44":{"start":{"line":91,"column":52},"end":{"line":91,"column":64}},"45":{"start":{"line":95,"column":4},"end":{"line":102,"column":null}},"46":{"start":{"line":97,"column":8},"end":{"line":99,"column":null}},"47":{"start":{"line":98,"column":12},"end":{"line":98,"column":25}},"48":{"start":{"line":101,"column":8},"end":{"line":101,"column":20}},"49":{"start":{"line":104,"column":4},"end":{"line":114,"column":null}},"50":{"start":{"line":104,"column":4},"end":{"line":104,"column":11}},"51":{"start":{"line":105,"column":8},"end":{"line":113,"column":10}},"52":{"start":{"line":106,"column":12},"end":{"line":112,"column":15}},"53":{"start":{"line":107,"column":16},"end":{"line":111,"column":null}},"54":{"start":{"line":108,"column":28},"end":{"line":108,"column":36}},"55":{"start":{"line":110,"column":20},"end":{"line":110,"column":74}},"56":{"start":{"line":115,"column":0},"end":{"line":115,"column":null}},"57":{"start":{"line":24,"column":13},"end":{"line":24,"column":23}}},"fnMap":{"0":{"name":"(anonymous_0)","decl":{"start":{"line":4,"column":24},"end":{"line":4,"column":25}},"loc":{"start":{"line":4,"column":67},"end":{"line":20,"column":1}}},"1":{"name":"(anonymous_1)","decl":{"start":{"line":24,"column":0},"end":{"line":24,"column":13}},"loc":{"start":{"line":24,"column":0},"end":{"line":115,"column":null}}},"2":{"name":"WrapPlugin","decl":{"start":{"line":28,"column":4},"end":{"line":28,"column":16}},"loc":{"start":{"line":28,"column":33},"end":{"line":37,"column":5}}},"3":{"name":"(anonymous_3)","decl":{"start":{"line":39,"column":4},"end":{"line":39,"column":27}},"loc":{"start":{"line":39,"column":41},"end":{"line":43,"column":5}}},"4":{"name":"(anonymous_4)","decl":{"start":{"line":45,"column":4},"end":{"line":45,"column":13}},"loc":{"start":{"line":45,"column":30},"end":{"line":49,"column":5}}},"5":{"name":"(anonymous_5)","decl":{"start":{"line":51,"column":4},"end":{"line":51,"column":25}},"loc":{"start":{"line":51,"column":42},"end":{"line":67,"column":5}}},"6":{"name":"(anonymous_6)","decl":{"start":{"line":53,"column":17},"end":{"line":53,"column":18}},"loc":{"start":{"line":53,"column":38},"end":{"line":65,"column":13}}},"7":{"name":"(anonymous_7)","decl":{"start":{"line":69,"column":4},"end":{"line":69,"column":21}},"loc":{"start":{"line":69,"column":38},"end":{"line":73,"column":5}}},"8":{"name":"(anonymous_8)","decl":{"start":{"line":71,"column":17},"end":{"line":71,"column":18}},"loc":{"start":{"line":71,"column":38},"end":{"line":71,"column":46}}},"9":{"name":"(anonymous_9)","decl":{"start":{"line":75,"column":4},"end":{"line":75,"column":19}},"loc":{"start":{"line":75,"column":36},"end":{"line":85,"column":5}}},"10":{"name":"(anonymous_10)","decl":{"start":{"line":87,"column":4},"end":{"line":87,"column":23}},"loc":{"start":{"line":87,"column":47},"end":{"line":93,"column":5}}},"11":{"name":"(anonymous_11)","decl":{"start":{"line":90,"column":17},"end":{"line":90,"column":18}},"loc":{"start":{"line":90,"column":34},"end":{"line":90,"column":43}}},"12":{"name":"(anonymous_12)","decl":{"start":{"line":91,"column":20},"end":{"line":91,"column":21}},"loc":{"start":{"line":91,"column":47},"end":{"line":91,"column":63}}},"13":{"name":"(anonymous_13)","decl":{"start":{"line":95,"column":4},"end":{"line":95,"column":23}},"loc":{"start":{"line":95,"column":37},"end":{"line":102,"column":5}}},"14":{"name":"(anonymous_14)","decl":{"start":{"line":104,"column":4},"end":{"line":104,"column":11}},"loc":{"start":{"line":104,"column":4},"end":{"line":114,"column":5}}},"15":{"name":"(anonymous_15)","decl":{"start":{"line":105,"column":15},"end":{"line":105,"column":16}},"loc":{"start":{"line":105,"column":25},"end":{"line":113,"column":9}}},"16":{"name":"(anonymous_16)","decl":{"start":{"line":106,"column":26},"end":{"line":106,"column":27}},"loc":{"start":{"line":106,"column":40},"end":{"line":112,"column":13}}}},"branchMap":{"0":{"loc":{"start":{"line":5,"column":4},"end":{"line":9,"column":null}},"type":"if","locations":[{"start":{"line":5,"column":4},"end":{"line":9,"column":null}},{"start":{"line":5,"column":4},"end":{"line":9,"column":null}}]},"1":{"loc":{"start":{"line":5,"column":8},"end":{"line":5,"column":40}},"type":"binary-expr","locations":[{"start":{"line":5,"column":8},"end":{"line":5,"column":40}},{"start":{"line":5,"column":44},"end":{"line":5,"column":72}}]},"2":{"loc":{"start":{"line":11,"column":4},"end":{"line":13,"column":null}},"type":"if","locations":[{"start":{"line":11,"column":4},"end":{"line":13,"column":null}},{"start":{"line":11,"column":4},"end":{"line":13,"column":null}}]},"3":{"loc":{"start":{"line":15,"column":4},"end":{"line":19,"column":null}},"type":"if","locations":[{"start":{"line":15,"column":4},"end":{"line":19,"column":null}},{"start":{"line":15,"column":4},"end":{"line":19,"column":null}}]},"4":{"loc":{"start":{"line":15,"column":8},"end":{"line":15,"column":22}},"type":"binary-expr","locations":[{"start":{"line":15,"column":8},"end":{"line":15,"column":22}},{"start":{"line":15,"column":26},"end":{"line":15,"column":60}}]},"5":{"loc":{"start":{"line":34,"column":14},"end":{"line":34,"column":26}},"type":"cond-expr","locations":[{"start":{"line":34,"column":14},"end":{"line":34,"column":26}},{"start":{"line":35,"column":14},"end":{"line":35,"column":28}}]},"6":{"loc":{"start":{"line":36,"column":30},"end":{"line":36,"column":44}},"type":"binary-expr","locations":[{"start":{"line":36,"column":30},"end":{"line":36,"column":44}},{"start":{"line":36,"column":48},"end":{"line":36,"column":52}}]},"7":{"loc":{"start":{"line":42,"column":15},"end":{"line":42,"column":39}},"type":"binary-expr","locations":[{"start":{"line":42,"column":15},"end":{"line":42,"column":39}},{"start":{"line":42,"column":43},"end":{"line":42,"column":76}}]},"8":{"loc":{"start":{"line":54,"column":16},"end":{"line":56,"column":null}},"type":"if","locations":[{"start":{"line":54,"column":16},"end":{"line":56,"column":null}},{"start":{"line":54,"column":16},"end":{"line":56,"column":null}}]},"9":{"loc":{"start":{"line":58,"column":16},"end":{"line":60,"column":null}},"type":"if","locations":[{"start":{"line":58,"column":16},"end":{"line":60,"column":null}},{"start":{"line":58,"column":16},"end":{"line":60,"column":null}}]},"10":{"loc":{"start":{"line":76,"column":8},"end":{"line":78,"column":null}},"type":"if","locations":[{"start":{"line":76,"column":8},"end":{"line":78,"column":null}},{"start":{"line":76,"column":8},"end":{"line":78,"column":null}}]},"11":{"loc":{"start":{"line":80,"column":8},"end":{"line":82,"column":null}},"type":"if","locations":[{"start":{"line":80,"column":8},"end":{"line":82,"column":null}},{"start":{"line":80,"column":8},"end":{"line":82,"column":null}}]},"12":{"loc":{"start":{"line":80,"column":12},"end":{"line":80,"column":36}},"type":"binary-expr","locations":[{"start":{"line":80,"column":12},"end":{"line":80,"column":36}},{"start":{"line":80,"column":40},"end":{"line":80,"column":59}}]},"13":{"loc":{"start":{"line":97,"column":8},"end":{"line":99,"column":null}},"type":"if","locations":[{"start":{"line":97,"column":8},"end":{"line":99,"column":null}},{"start":{"line":97,"column":8},"end":{"line":99,"column":null}}]},"14":{"loc":{"start":{"line":107,"column":16},"end":{"line":111,"column":null}},"type":"if","locations":[{"start":{"line":107,"column":16},"end":{"line":111,"column":null}},{"start":{"line":107,"column":16},"end":{"line":111,"column":null}}]}},"s":{"0":1,"1":1,"2":15,"3":15,"4":15,"5":1,"6":14,"7":1,"8":13,"9":1,"10":1,"11":1,"12":15,"13":12,"14":12,"15":12,"16":12,"17":1,"18":2,"19":2,"20":1,"21":13,"22":13,"23":1,"24":3,"25":3,"26":3,"27":1,"28":2,"29":1,"30":1,"31":1,"32":5,"33":5,"34":1,"35":6,"36":1,"37":5,"38":1,"39":4,"40":1,"41":3,"42":3,"43":3,"44":3,"45":1,"46":2,"47":1,"48":1,"49":1,"50":2,"51":2,"52":2,"53":6,"54":3,"55":3,"56":1,"57":1},"f":{"0":15,"1":1,"2":15,"3":2,"4":13,"5":3,"6":3,"7":5,"8":5,"9":6,"10":3,"11":3,"12":3,"13":2,"14":2,"15":2,"16":6},"b":{"0":[1,14],"1":[15,2],"2":[1,13],"3":[1,12],"4":[13,7],"5":[1,11],"6":[12,6],"7":[2,1],"8":[1,2],"9":[1,1],"10":[1,5],"11":[1,4],"12":[5,1],"13":[1,1],"14":[3,3]}}
,"/home/dtylor/projects/postcss-wrap-plugin/src/types/index.ts": {"path":"/home/dtylor/projects/postcss-wrap-plugin/src/types/index.ts","statementMap":{"0":{"start":{"line":3,"column":0},"end":{"line":3,"column":null}},"1":{"start":{"line":4,"column":4},"end":{"line":4,"column":null}},"2":{"start":{"line":5,"column":4},"end":{"line":5,"column":null}}},"fnMap":{"0":{"name":"(anonymous_0)","decl":{"start":{"line":3,"column":0},"end":{"line":3,"column":12}},"loc":{"start":{"line":3,"column":27},"end":{"line":6,"column":1}}}},"branchMap":{"0":{"loc":{"start":{"line":3,"column":12},"end":{"line":3,"column":27}},"type":"binary-expr","locations":[{"start":{"line":3,"column":12},"end":{"line":3,"column":27}},{"start":{"line":3,"column":12},"end":{"line":3,"column":null}}]}},"s":{"0":1,"1":1,"2":1},"f":{"0":1},"b":{"0":[1,1]}}
}
