TN:
SF:src/wrapPlugin.ts
FN:4,(anonymous_0)
FN:24,(anonymous_1)
FN:28,WrapPlugin
FN:39,(anonymous_3)
FN:45,(anonymous_4)
FN:51,(anonymous_5)
FN:53,(anonymous_6)
FN:69,(anonymous_7)
FN:71,(anonymous_8)
FN:75,(anonymous_9)
FN:87,(anonymous_10)
FN:90,(anonymous_11)
FN:91,(anonymous_12)
FN:95,(anonymous_13)
FN:104,(anonymous_14)
FN:105,(anonymous_15)
FN:106,(anonymous_16)
FNF:17
FNH:17
FNDA:15,(anonymous_0)
FNDA:1,(anonymous_1)
FNDA:15,WrapPlugin
FNDA:2,(anonymous_3)
FNDA:13,(anonymous_4)
FNDA:3,(anonymous_5)
FNDA:3,(anonymous_6)
FNDA:5,(anonymous_7)
FNDA:5,(anonymous_8)
FNDA:6,(anonymous_9)
FNDA:3,(anonymous_10)
FNDA:3,(anonymous_11)
FNDA:3,(anonymous_12)
FNDA:2,(anonymous_13)
FNDA:2,(anonymous_14)
FNDA:2,(anonymous_15)
FNDA:6,(anonymous_16)
DA:2,1
DA:4,15
DA:5,15
DA:6,1
DA:11,14
DA:12,1
DA:15,13
DA:16,1
DA:22,1
DA:24,1
DA:29,15
DA:31,12
DA:33,12
DA:36,12
DA:39,1
DA:40,2
DA:42,2
DA:45,1
DA:46,13
DA:48,13
DA:51,3
DA:52,3
DA:54,3
DA:55,1
DA:58,2
DA:59,1
DA:62,1
DA:69,1
DA:70,5
DA:71,5
DA:75,1
DA:76,6
DA:77,1
DA:80,5
DA:81,1
DA:84,4
DA:87,3
DA:88,3
DA:90,3
DA:91,3
DA:95,1
DA:97,2
DA:98,1
DA:101,1
DA:104,2
DA:105,2
DA:106,2
DA:107,6
DA:108,3
DA:110,3
DA:115,1
LF:51
LH:51
BRDA:5,0,0,1
BRDA:5,0,1,14
BRDA:5,1,0,15
BRDA:5,1,1,2
BRDA:11,2,0,1
BRDA:11,2,1,13
BRDA:15,3,0,1
BRDA:15,3,1,12
BRDA:15,4,0,13
BRDA:15,4,1,7
BRDA:34,5,0,1
BRDA:34,5,1,11
BRDA:36,6,0,12
BRDA:36,6,1,6
BRDA:42,7,0,2
BRDA:42,7,1,1
BRDA:54,8,0,1
BRDA:54,8,1,2
BRDA:58,9,0,1
BRDA:58,9,1,1
BRDA:76,10,0,1
BRDA:76,10,1,5
BRDA:80,11,0,1
BRDA:80,11,1,4
BRDA:80,12,0,5
BRDA:80,12,1,1
BRDA:97,13,0,1
BRDA:97,13,1,1
BRDA:107,14,0,3
BRDA:107,14,1,3
BRF:30
BRH:30
end_of_record
TN:
SF:src/types/index.ts
FN:3,(anonymous_0)
FNF:1
FNH:1
FNDA:1,(anonymous_0)
DA:3,1
DA:4,1
DA:5,1
LF:3
LH:3
BRDA:3,0,0,1
BRDA:3,0,1,1
BRF:2
BRH:2
end_of_record
